빌드 시작: 2017-04-03 오후 9:47:38
     1>2 노드의 "C:\Users\park\Documents\Visual Studio 2012\Projects\Bigdata\Bigdata.vcxproj" 프로젝트(Build 대상)입니다.
     1>ClCompile:
         C:\Program Files (x86)\Microsoft Visual Studio 11.0\VC\bin\CL.exe /c /ZI /nologo /W3 /WX- /Od /Oy- /D _MBCS /Gm /EHsc /RTC1 /MDd /GS /fp:precise /Zc:wchar_t /Zc:forScope /Fo"Debug\\" /Fd"Debug\vc110.pdb" /Gd /TP /analyze- /errorReport:prompt bigdata.cpp main.cpp syllable_ngram.cpp word_gram.cpp
         bigdata.cpp
     1>c:\users\park\documents\visual studio 2012\projects\bigdata\bigdata.cpp(5): warning C4996: 'fopen': This function or variable may be unsafe. Consider using fopen_s instead. To disable deprecation, use _CRT_SECURE_NO_WARNINGS. See online help for details.
                 c:\program files (x86)\microsoft visual studio 11.0\vc\include\stdio.h(218) : 'fopen' 선언을 참조하십시오.
     1>c:\users\park\documents\visual studio 2012\projects\bigdata\bigdata.cpp(24): warning C4996: 'scanf': This function or variable may be unsafe. Consider using scanf_s instead. To disable deprecation, use _CRT_SECURE_NO_WARNINGS. See online help for details.
                 c:\program files (x86)\microsoft visual studio 11.0\vc\include\stdio.h(290) : 'scanf' 선언을 참조하십시오.
         코드를 생성하고 있습니다...
         컴파일하고 있습니다...
         word_gram.cpp
     1>c:\users\park\documents\visual studio 2012\projects\bigdata\word_gram.cpp(5): warning C4996: 'fopen': This function or variable may be unsafe. Consider using fopen_s instead. To disable deprecation, use _CRT_SECURE_NO_WARNINGS. See online help for details.
                 c:\program files (x86)\microsoft visual studio 11.0\vc\include\stdio.h(218) : 'fopen' 선언을 참조하십시오.
     1>c:\users\park\documents\visual studio 2012\projects\bigdata\word_gram.cpp(6): warning C4996: 'fopen': This function or variable may be unsafe. Consider using fopen_s instead. To disable deprecation, use _CRT_SECURE_NO_WARNINGS. See online help for details.
                 c:\program files (x86)\microsoft visual studio 11.0\vc\include\stdio.h(218) : 'fopen' 선언을 참조하십시오.
     1>c:\users\park\documents\visual studio 2012\projects\bigdata\word_gram.cpp(10): warning C4996: 'fscanf': This function or variable may be unsafe. Consider using fscanf_s instead. To disable deprecation, use _CRT_SECURE_NO_WARNINGS. See online help for details.
                 c:\program files (x86)\microsoft visual studio 11.0\vc\include\stdio.h(237) : 'fscanf' 선언을 참조하십시오.
     1>c:\users\park\documents\visual studio 2012\projects\bigdata\word_gram.cpp(22): warning C4996: 'fopen': This function or variable may be unsafe. Consider using fopen_s instead. To disable deprecation, use _CRT_SECURE_NO_WARNINGS. See online help for details.
                 c:\program files (x86)\microsoft visual studio 11.0\vc\include\stdio.h(218) : 'fopen' 선언을 참조하십시오.
     1>c:\users\park\documents\visual studio 2012\projects\bigdata\word_gram.cpp(23): warning C4996: 'fopen': This function or variable may be unsafe. Consider using fopen_s instead. To disable deprecation, use _CRT_SECURE_NO_WARNINGS. See online help for details.
                 c:\program files (x86)\microsoft visual studio 11.0\vc\include\stdio.h(218) : 'fopen' 선언을 참조하십시오.
     1>c:\users\park\documents\visual studio 2012\projects\bigdata\word_gram.cpp(28): warning C4101: 'word' :참조되지 않은 지역 변수입니다.
     1>c:\users\park\documents\visual studio 2012\projects\bigdata\word_gram.cpp(114): warning C4996: 'fopen': This function or variable may be unsafe. Consider using fopen_s instead. To disable deprecation, use _CRT_SECURE_NO_WARNINGS. See online help for details.
                 c:\program files (x86)\microsoft visual studio 11.0\vc\include\stdio.h(218) : 'fopen' 선언을 참조하십시오.
     1>c:\users\park\documents\visual studio 2012\projects\bigdata\word_gram.cpp(121): warning C4996: 'gets': This function or variable may be unsafe. Consider using gets_s instead. To disable deprecation, use _CRT_SECURE_NO_WARNINGS. See online help for details.
                 c:\program files (x86)\microsoft visual studio 11.0\vc\include\stdio.h(261) : 'gets' 선언을 참조하십시오.
     1>c:\users\park\documents\visual studio 2012\projects\bigdata\word_gram.cpp(126): warning C4996: 'fscanf': This function or variable may be unsafe. Consider using fscanf_s instead. To disable deprecation, use _CRT_SECURE_NO_WARNINGS. See online help for details.
                 c:\program files (x86)\microsoft visual studio 11.0\vc\include\stdio.h(237) : 'fscanf' 선언을 참조하십시오.
         syllable_ngram.cpp
     1>c:\users\park\documents\visual studio 2012\projects\bigdata\syllable_ngram.cpp(5): warning C4996: 'fopen': This function or variable may be unsafe. Consider using fopen_s instead. To disable deprecation, use _CRT_SECURE_NO_WARNINGS. See online help for details.
                 c:\program files (x86)\microsoft visual studio 11.0\vc\include\stdio.h(218) : 'fopen' 선언을 참조하십시오.
     1>c:\users\park\documents\visual studio 2012\projects\bigdata\syllable_ngram.cpp(6): warning C4996: 'fopen': This function or variable may be unsafe. Consider using fopen_s instead. To disable deprecation, use _CRT_SECURE_NO_WARNINGS. See online help for details.
                 c:\program files (x86)\microsoft visual studio 11.0\vc\include\stdio.h(218) : 'fopen' 선언을 참조하십시오.
     1>c:\users\park\documents\visual studio 2012\projects\bigdata\syllable_ngram.cpp(8): warning C4101: 'max_filepointersize' :참조되지 않은 지역 변수입니다.
     1>c:\users\park\documents\visual studio 2012\projects\bigdata\syllable_ngram.cpp(92): warning C4996: 'fopen': This function or variable may be unsafe. Consider using fopen_s instead. To disable deprecation, use _CRT_SECURE_NO_WARNINGS. See online help for details.
                 c:\program files (x86)\microsoft visual studio 11.0\vc\include\stdio.h(218) : 'fopen' 선언을 참조하십시오.
     1>c:\users\park\documents\visual studio 2012\projects\bigdata\syllable_ngram.cpp(98): warning C4996: 'scanf': This function or variable may be unsafe. Consider using scanf_s instead. To disable deprecation, use _CRT_SECURE_NO_WARNINGS. See online help for details.
                 c:\program files (x86)\microsoft visual studio 11.0\vc\include\stdio.h(290) : 'scanf' 선언을 참조하십시오.
     1>c:\users\park\documents\visual studio 2012\projects\bigdata\syllable_ngram.cpp(100): warning C4996: 'fscanf': This function or variable may be unsafe. Consider using fscanf_s instead. To disable deprecation, use _CRT_SECURE_NO_WARNINGS. See online help for details.
                 c:\program files (x86)\microsoft visual studio 11.0\vc\include\stdio.h(237) : 'fscanf' 선언을 참조하십시오.
         main.cpp
         코드를 생성하고 있습니다...
       Link:
         C:\Program Files (x86)\Microsoft Visual Studio 11.0\VC\bin\link.exe /ERRORREPORT:PROMPT /OUT:"C:\Users\park\Documents\Visual Studio 2012\Projects\Bigdata\Debug\Bigdata.exe" /INCREMENTAL /NOLOGO kernel32.lib user32.lib gdi32.lib winspool.lib comdlg32.lib advapi32.lib shell32.lib ole32.lib oleaut32.lib uuid.lib odbc32.lib odbccp32.lib /MANIFEST /MANIFESTUAC:"level='asInvoker' uiAccess='false'" /manifest:embed /DEBUG /PDB:"C:\Users\park\Documents\Visual Studio 2012\Projects\Bigdata\Debug\Bigdata.pdb" /SUBSYSTEM:CONSOLE /TLBID:1 /DYNAMICBASE /NXCOMPAT /IMPLIB:"C:\Users\park\Documents\Visual Studio 2012\Projects\Bigdata\Debug\Bigdata.lib" /MACHINE:X86 Debug\bigdata.obj
         Debug\syllable_ngram.obj
         Debug\syllable_unigram.obj
         Debug\main.obj
         Debug\word_gram.obj
         Bigdata.vcxproj -> C:\Users\park\Documents\Visual Studio 2012\Projects\Bigdata\Debug\Bigdata.exe
     1>"C:\Users\park\Documents\Visual Studio 2012\Projects\Bigdata\Bigdata.vcxproj" 프로젝트를 빌드했습니다(Build 대상).

빌드했습니다.

경과 시간: 00:00:03.34
